<?xml version="1.0" encoding="UTF-8" ?>
<testsuite tests="20" failures="0" name="RomanNumbersParametrizedTest" time="0.015" errors="0" skipped="0">
  <properties>
[...]
</properties>
  <testcase classname="RomanNumbersParametrizedTest" name="CorrectTranformNumbers[0: RomanNumbers(1) =&gt; I]" time="0.015"/>
  <testcase classname="RomanNumbersParametrizedTest" name="CorrectTranformNumbers[1: RomanNumbers(2) =&gt; II]" time="0"/>
  <testcase classname="RomanNumbersParametrizedTest" name="CorrectTranformNumbers[2: RomanNumbers(3) =&gt; III]" time="0"/>
  <testcase classname="RomanNumbersParametrizedTest" name="CorrectTranformNumbers[3: RomanNumbers(4) =&gt; IV]" time="0"/>
  <testcase classname="RomanNumbersParametrizedTest" name="CorrectTranformNumbers[4: RomanNumbers(5) =&gt; V]" time="0"/>
  <testcase classname="RomanNumbersParametrizedTest" name="CorrectTranformNumbers[5: RomanNumbers(6) =&gt; VI]" time="0"/>
  <testcase classname="RomanNumbersParametrizedTest" name="CorrectTranformNumbers[6: RomanNumbers(7) =&gt; VII]" time="0"/>
  <testcase classname="RomanNumbersParametrizedTest" name="CorrectTranformNumbers[7: RomanNumbers(9) =&gt; IX]" time="0"/>
  <testcase classname="RomanNumbersParametrizedTest" name="CorrectTranformNumbers[8: RomanNumbers(49) =&gt; XLIX]" time="0"/>
  <testcase classname="RomanNumbersParametrizedTest" name="CorrectTranformNumbers[9: RomanNumbers(58) =&gt; LVIII]" time="0"/>
  <testcase classname="RomanNumbersParametrizedTest" name="CorrectTranformNumbers[10: RomanNumbers(99) =&gt; XCIX]" time="0"/>
  <testcase classname="RomanNumbersParametrizedTest" name="CorrectTranformNumbers[11: RomanNumbers(100) =&gt; C]" time="0"/>
  <testcase classname="RomanNumbersParametrizedTest" name="CorrectTranformNumbers[12: RomanNumbers(256) =&gt; CCLVI]" time="0"/>
  <testcase classname="RomanNumbersParametrizedTest" name="CorrectTranformNumbers[13: RomanNumbers(514) =&gt; DXIV]" time="0"/>
  <testcase classname="RomanNumbersParametrizedTest" name="CorrectTranformNumbers[14: RomanNumbers(958) =&gt; CMLVIII]" time="0"/>
  <testcase classname="RomanNumbersParametrizedTest" name="CorrectTranformNumbers[15: RomanNumbers(1,543) =&gt; MDXLIII]" time="0"/>
  <testcase classname="RomanNumbersParametrizedTest" name="CorrectTranformNumbers[16: RomanNumbers(1,897) =&gt; MDCCCXCVII]" time="0"/>
  <testcase classname="RomanNumbersParametrizedTest" name="CorrectTranformNumbers[17: RomanNumbers(2,167) =&gt; MMCLXVII]" time="0"/>
  <testcase classname="RomanNumbersParametrizedTest" name="CorrectTranformNumbers[18: RomanNumbers(3,548) =&gt; MMMDXLVIII]" time="0"/>
  <testcase classname="RomanNumbersParametrizedTest" name="CorrectTranformNumbers[19: RomanNumbers(3,999) =&gt; MMMCMXCIX]" time="0"/>
</testsuite>